<?xml version="1.0" encoding="UTF-8"?>
<!-- Generated by org.testng.reporters.JUnitReportReporter -->
<testsuite hostname="L005370" failures="0" tests="1" name="com.seleniumeasy.RunnerScript.DriverScript" time="20.775" errors="0" timestamp="2019-12-19T18:58:53 IST" skipped="0">
  <testcase classname="com.seleniumeasy.RunnerScript.DriverScript" name="submitFormTest" time="20.775"/>
</testsuite> <!-- com.seleniumeasy.RunnerScript.DriverScript -->
